\BOOKMARK [0][-]{Doc-Start}{บทคัดย่อ}{}% 1
\BOOKMARK [0][-]{table.caption.1}{บทคัดย่อ ภาษาอังกฤษ}{}% 2
\BOOKMARK [0][-]{table.caption.2}{กิตติกรรมประกาศ}{}% 3
\BOOKMARK [0][-]{table.caption.2}{สารบัญ}{}% 4
\BOOKMARK [0][-]{table.caption.2}{สารบัญตาราง}{}% 5
\BOOKMARK [0][-]{table.caption.2}{สารบัญรูป}{}% 6
\BOOKMARK [0][-]{chapter.1}{บทนำ}{}% 7
\BOOKMARK [1][-]{section.1.1}{ที่มาและความสำคัญ}{chapter.1}% 8
\BOOKMARK [1][-]{section.1.2}{วัตถุประสงค์}{chapter.1}% 9
\BOOKMARK [1][-]{section.1.3}{วิธีการดำเนินการ}{chapter.1}% 10
\BOOKMARK [1][-]{section.1.4}{ขอบเขตของงาน}{chapter.1}% 11
\BOOKMARK [1][-]{section.1.5}{ประโยชน์ที่คาดว่าจะได้รับ}{chapter.1}% 12
\BOOKMARK [0][-]{chapter.2}{การทบทวนวรรณกรรมที่เกี่ยวข้อง}{}% 13
\BOOKMARK [1][-]{section.2.1}{เสียงและสัญญาณ \(Sound and Signal\)}{chapter.2}% 14
\BOOKMARK [1][-]{section.2.2}{ทฤษฎีการประมวลผลภาพดิจิตัล \(Digital Image Processing\)}{chapter.2}% 15
\BOOKMARK [1][-]{section.2.3}{การเรียนรู้ของเครื่อง \(Machine Learning\)}{chapter.2}% 16
\BOOKMARK [1][-]{section.2.4}{โครงข่ายประสาทเทียม \(Artificial Neural Network\)}{chapter.2}% 17
\BOOKMARK [1][-]{section.2.5}{สถาปัตยกรรมต่าง ๆ ของโครงข่ายประสาทแบบคอนโวลูชันและการกำหนดองค์ประกอบ \(CNN Architecture and Configuration\)}{chapter.2}% 18
\BOOKMARK [1][-]{section.2.6}{เมตริกที่ใช้ในประเมินผลแบบจำลอง \(Evaluation Metrics\)}{chapter.2}% 19
\BOOKMARK [0][-]{chapter.3}{วิธีการดำเนินการวิจัย}{}% 20
\BOOKMARK [1][-]{section.3.1}{บทนำและงานวิจัยที่เกี่ยวข้อง}{chapter.3}% 21
\BOOKMARK [1][-]{section.3.2}{การจัดเตรียมการทดลอง}{chapter.3}% 22
\BOOKMARK [0][-]{chapter.4}{ผลการทดลองเบื้องต้นหรือระบบต้นแบบ}{}% 23
\BOOKMARK [0][-]{chapter.5}{บทสรุป}{}% 24
\BOOKMARK [0][-]{chapter.5}{บรรณานุกรม}{}% 25
\BOOKMARK [0][-]{appendix.A}{เรื่องที่หนึ่ง}{}% 26
\BOOKMARK [0][-]{appendix.A}{ประวัติผู้เขียน}{}% 27
